{"logTime": "0606/143711", "correlationVector":"IuiXCWp7KL90H/NkPgRdAe.1","action":"SyncServerConnectionManagerRequest", "result":"SYNC_SERVER_OK", "context":{"environment":"Prod_southindia_prod-s01-004-apac-southindia", "migrationStage":"NotStarted", "server":"akswtt01300004d"}}
{"logTime": "0606/143711", "correlationVector":"IuiXCWp7KL90H/NkPgRdAe.2","action":"ProcessGetUpdates", "result":"Done", "context":{"dataType":"Encryption Keys", "deleted":"0", "process_failed_to_decrypt":"0", "process_pending_decryption":"0", "process_success":"1", "total":"1"}}
{"logTime": "0606/143712", "correlationVector":"JKxkLjoqC84lNKTS73rUu2","action":"SyncServerConnectionManagerRequest", "result":"SYNC_SERVER_OK", "context":{"environment":"", "migrationStage":"", "server":""}}
{"logTime": "0606/143712", "correlationVector":"JKxkLjoqC84lNKTS73rUu2.0","action":"EncryptionKeysFetcher.DownloadKeys:", "result":"Success", "context":Key count: 6, Last key timestamp: 2025-05-30T22:11:42Z}
{"logTime": "0606/143712", "correlationVector":"JKxkLjoqC84lNKTS73rUu2.1","action":"EncryptionKeysManager::SetEncryptionKeys:", "result":"Success", "context":Key names[6]:[fGuvQ29l+HFns6UG9Xe3a97uNwBi7SBWIPu8jByELSBlK1JwpnZOqAoBES/9OGVOaFmiNTD8vtBEpCmbJU3MZw==][u3HECDaw7gKWZrWavGmOXFiYQ/oTrnEC2uI9SbsFs2QeDkrc8ki6Qqj8RNBfGvVGMleL0ddXWiXAKytul7i14Q==][q71QZeKItfHC5CJFCVTIklBJfvxZrRnWogdTXzataPoUVZ98rfh0uo9i1Pqq/F/Piw/v1dvdf5JmbH4A73hxhQ==][KGxd/d/rH065a0uNvPqrAUQ+7uCzkvqnQJ18kBrG4ksPBxjrf5CvT03mA9flHUQC5na6Sr08+AHs/KqXYGwAFw==][lEbL+NGaJ9ZTkqm1bP/cs+bANc7MT/KpYjJsbdVTD/sQDFrU7jAnbgbE1i8rKdhPre0qoinhpxFpWdbsyR6sdQ==][Ljchs2w09ZzE71ClGkP1iNl9j0hSD2+uHIfXE35gs14+V66eSyOX7eADlA0EPKsmc+W0xeUrAmNDIQTLGo8rtg==]}
{"logTime": "0606/143712", "correlationVector":"JKxkLjoqC84lNKTS73rUu2.2","action":"EncryptionKeysManager::SetEncryptionKeysWithTimestamps:", "result":"Success", "context":Key timestamps[6]:[2023-02-09T14:35:07Z][2023-08-09T17:43:14Z][2024-02-16T07:01:04Z][2024-05-24T04:21:42Z][2024-11-26T05:38:59Z][2025-05-30T22:11:42Z]}
{"logTime": "0606/143712", "correlationVector":"IuiXCWp7KL90H/NkPgRdAe","action":"Initial GetUpdates", "result":"", "context":Reason: NEW_CLIENT. cV=IuiXCWp7KL90H/NkPgRdAe}
{"logTime": "0606/143712", "correlationVector":"IuiXCWp7KL90H/NkPgRdAe.3","action":"GetUpdates Response", "result":"Success", "context":Received 1 update(s). cV=IuiXCWp7KL90H/NkPgRdAe.0;server=akswtt01300004d;cloudType=Consumer;environment=Prod_southindia_prod-s01-004-apac-southindia;migrationStage=NotStarted}
{"logTime": "0606/143712", "correlationVector":"UD9S6jSQArA6wPrX21kGiN","action":"Initial GetUpdates", "result":"", "context":Reason: NEWLY_SUPPORTED_DATATYPE. cV=UD9S6jSQArA6wPrX21kGiN}
{"logTime": "0606/143712", "correlationVector":"UD9S6jSQArA6wPrX21kGiN.1","action":"SyncServerConnectionManagerRequest", "result":"SYNC_SERVER_OK", "context":{"environment":"Prod_southindia_prod-s01-004-apac-southindia", "migrationStage":"NotStarted", "server":"akswtt01300000r"}}
{"logTime": "0606/143712", "correlationVector":"UD9S6jSQArA6wPrX21kGiN.2","action":"ProcessGetUpdates", "result":"Done", "context":{"dataType":"Preferences", "deleted":"0", "process_failed_to_decrypt":"0", "process_pending_decryption":"0", "process_success":"69", "total":"69"}}
{"logTime": "0606/143712", "correlationVector":"UD9S6jSQArA6wPrX21kGiN.3","action":"ProcessGetUpdates", "result":"Done", "context":{"dataType":"Passwords", "deleted":"0", "process_failed_to_decrypt":"0", "process_pending_decryption":"0", "process_success":"178", "total":"178"}}
{"logTime": "0606/143712", "correlationVector":"UD9S6jSQArA6wPrX21kGiN.4","action":"ProcessGetUpdates", "result":"Done", "context":{"dataType":"Device Info", "deleted":"0", "process_failed_to_decrypt":"0", "process_pending_decryption":"0", "process_success":"3", "total":"3"}}
{"logTime": "0606/143712", "correlationVector":"UD9S6jSQArA6wPrX21kGiN.5","action":"GetUpdates Response", "result":"Success", "context":Received 250 update(s). cV=UD9S6jSQArA6wPrX21kGiN.0;server=akswtt01300000r;cloudType=Consumer;environment=Prod_southindia_prod-s01-004-apac-southindia;migrationStage=NotStarted Some updates remain.}
{"logTime": "0606/143712", "correlationVector":"sHy+WPNM7jIhIVXp4S3eSg","action":"Initial GetUpdates", "result":"", "context":Reason: NEWLY_SUPPORTED_DATATYPE. cV=sHy+WPNM7jIhIVXp4S3eSg}
{"logTime": "0606/143713", "correlationVector":"sHy+WPNM7jIhIVXp4S3eSg.1","action":"SyncServerConnectionManagerRequest", "result":"SYNC_SERVER_OK", "context":{"environment":"Prod_southindia_prod-s01-004-apac-southindia", "migrationStage":"NotStarted", "server":"akswtt01300002c"}}
{"logTime": "0606/143713", "correlationVector":"sHy+WPNM7jIhIVXp4S3eSg.2","action":"ProcessGetUpdates", "result":"Done", "context":{"dataType":"Passwords", "deleted":"0", "process_failed_to_decrypt":"0", "process_pending_decryption":"0", "process_success":"72", "total":"72"}}
{"logTime": "0606/143713", "correlationVector":"sHy+WPNM7jIhIVXp4S3eSg.3","action":"GetUpdates Response", "result":"Success", "context":Received 72 update(s). cV=sHy+WPNM7jIhIVXp4S3eSg.0;server=akswtt01300002c;cloudType=Consumer;environment=Prod_southindia_prod-s01-004-apac-southindia;migrationStage=NotStarted}
{"logTime": "0606/143713", "correlationVector":"BQv58Cix+0/bVo4CI4QkKB","action":"Initial GetUpdates", "result":"", "context":Reason: NEWLY_SUPPORTED_DATATYPE. cV=BQv58Cix+0/bVo4CI4QkKB}
{"logTime": "0606/143713", "correlationVector":"BQv58Cix+0/bVo4CI4QkKB.1","action":"SyncServerConnectionManagerRequest", "result":"SYNC_SERVER_OK", "context":{"environment":"Prod_southindia_prod-s01-004-apac-southindia", "migrationStage":"NotStarted", "server":"akswtt01300002d"}}
{"logTime": "0606/143713", "correlationVector":"BQv58Cix+0/bVo4CI4QkKB.2","action":"ProcessGetUpdates", "result":"Done", "context":{"dataType":"Bookmarks", "deleted":"0", "process_failed_to_decrypt":"0", "process_pending_decryption":"0", "process_success":"111", "total":"111"}}
{"logTime": "0606/143713", "correlationVector":"BQv58Cix+0/bVo4CI4QkKB.3","action":"GetUpdates Response", "result":"Success", "context":Received 111 update(s). cV=BQv58Cix+0/bVo4CI4QkKB.0;server=akswtt01300002d;cloudType=Consumer;environment=Prod_southindia_prod-s01-004-apac-southindia;migrationStage=NotStarted}
{"logTime": "0606/143713", "correlationVector":"nZ28lWhzhHwhIOM4845yUy","action":"Initial GetUpdates", "result":"", "context":Reason: NEWLY_SUPPORTED_DATATYPE. cV=nZ28lWhzhHwhIOM4845yUy}
{"logTime": "0606/143713", "correlationVector":"nZ28lWhzhHwhIOM4845yUy.1","action":"SyncServerConnectionManagerRequest", "result":"SYNC_SERVER_OK", "context":{"environment":"Prod_southindia_prod-s01-004-apac-southindia", "migrationStage":"NotStarted", "server":"akswtt01300000l"}}
{"logTime": "0606/143713", "correlationVector":"nZ28lWhzhHwhIOM4845yUy.2","action":"ProcessGetUpdates", "result":"Done", "context":{"dataType":"Autofill", "deleted":"0", "process_failed_to_decrypt":"0", "process_pending_decryption":"0", "process_success":"1", "total":"1"}}
{"logTime": "0606/143713", "correlationVector":"nZ28lWhzhHwhIOM4845yUy.3","action":"ProcessGetUpdates", "result":"Done", "context":{"dataType":"Extensions", "deleted":"0", "process_failed_to_decrypt":"0", "process_pending_decryption":"0", "process_success":"1", "total":"1"}}
{"logTime": "0606/143713", "correlationVector":"nZ28lWhzhHwhIOM4845yUy.4","action":"ProcessGetUpdates", "result":"Done", "context":{"dataType":"Sessions", "deleted":"2", "process_failed_to_decrypt":"0", "process_pending_decryption":"0", "process_success":"3", "total":"3"}}
{"logTime": "0606/143713", "correlationVector":"nZ28lWhzhHwhIOM4845yUy.5","action":"ProcessGetUpdates", "result":"Done", "context":{"dataType":"Edge Hub App Usage", "deleted":"3", "process_failed_to_decrypt":"0", "process_pending_decryption":"0", "process_success":"3", "total":"3"}}
{"logTime": "0606/143713", "correlationVector":"nZ28lWhzhHwhIOM4845yUy.6","action":"GetUpdates Response", "result":"Success", "context":Received 8 update(s). cV=nZ28lWhzhHwhIOM4845yUy.0;server=akswtt01300000l;cloudType=Consumer;environment=Prod_southindia_prod-s01-004-apac-southindia;migrationStage=NotStarted}
{"logTime": "0606/143713", "correlationVector":"tGZ0nzqFR7GJn6FqCi9nNU","action":"Initial GetUpdates", "result":"", "context":Reason: NEWLY_SUPPORTED_DATATYPE. cV=tGZ0nzqFR7GJn6FqCi9nNU}
{"logTime": "0606/143713", "correlationVector":"tGZ0nzqFR7GJn6FqCi9nNU.1","action":"SyncServerConnectionManagerRequest", "result":"SYNC_SERVER_OK", "context":{"environment":"Prod_southindia_prod-s01-004-apac-southindia", "migrationStage":"NotStarted", "server":"akswtt01300002v"}}
{"logTime": "0606/143713", "correlationVector":"tGZ0nzqFR7GJn6FqCi9nNU.2","action":"GetUpdates Response", "result":"Success", "context":Received 0 update(s). cV=tGZ0nzqFR7GJn6FqCi9nNU.0;server=akswtt01300002v;cloudType=Consumer;environment=Prod_southindia_prod-s01-004-apac-southindia;migrationStage=NotStarted}
{"logTime": "0606/143713", "correlationVector":"7ETGEw2MC5SR1xqFYsulWy","action":"Normal GetUpdate request", "result":"", "context":cV=7ETGEw2MC5SR1xqFYsulWy
Nudged types: Bookmarks, Passwords, Sessions, Device Info, User Consents
Refresh requested types: Bookmarks, Preferences, Passwords, Autofill Profiles, Autofill, Extensions, Sessions, Extension settings, History Delete Directives, Device Info, User Consents, Send Tab To Self, Web Apps, History, Saved Tab Group, WebAuthn Credentials, Collection, Edge E Drop, Edge Hub App Usage, Edge Wallet, Encryption Keys}
{"logTime": "0606/143713", "correlationVector":"7ETGEw2MC5SR1xqFYsulWy.1","action":"SyncServerConnectionManagerRequest", "result":"SYNC_SERVER_OK", "context":{"environment":"Prod_southindia_prod-s01-004-apac-southindia", "migrationStage":"NotStarted", "server":"akswtt013000036"}}
{"logTime": "0606/143713", "correlationVector":"7ETGEw2MC5SR1xqFYsulWy.2","action":"GetUpdates Response", "result":"Success", "context":Received 0 update(s). cV=7ETGEw2MC5SR1xqFYsulWy.0;server=akswtt013000036;cloudType=Consumer;environment=Prod_southindia_prod-s01-004-apac-southindia;migrationStage=NotStarted}
{"logTime": "0606/143713", "correlationVector":"Q18jnMTj0/C8lf+MwzCUts","action":"Commit Request", "result":"", "context":Item count: 20
Contributing types: Bookmarks, Passwords, Sessions, Device Info, User Consents}
{"logTime": "0606/143715", "correlationVector":"Q18jnMTj0/C8lf+MwzCUts.1","action":"SyncServerConnectionManagerRequest", "result":"SYNC_SERVER_OK", "context":{"environment":"Prod_southindia_prod-s01-004-apac-southindia", "migrationStage":"NotStarted", "server":"akswtt01300004c"}}
{"logTime": "0606/143715", "correlationVector":"Q18jnMTj0/C8lf+MwzCUts.2","action":"Commit Response", "result":"Success", "context":Result: Success. cV=Q18jnMTj0/C8lf+MwzCUts.0;server=akswtt01300004c;cloudType=Consumer;environment=Prod_southindia_prod-s01-004-apac-southindia;migrationStage=NotStarted}
{"logTime": "0606/143729", "correlationVector":"LP2tpfx8CLDkbaoHB9SrZl","action":"Commit Request", "result":"", "context":Item count: 40
Contributing types: Passwords}
{"logTime": "0606/143730", "correlationVector":"LP2tpfx8CLDkbaoHB9SrZl.1","action":"SyncServerConnectionManagerRequest", "result":"SYNC_SERVER_OK", "context":{"environment":"Prod_southindia_prod-s01-004-apac-southindia", "migrationStage":"NotStarted", "server":"akswtt01300000q"}}
{"logTime": "0606/143730", "correlationVector":"LP2tpfx8CLDkbaoHB9SrZl.2","action":"Commit Response", "result":"Success", "context":Result: Success. cV=LP2tpfx8CLDkbaoHB9SrZl.0;server=akswtt01300000q;cloudType=Consumer;environment=Prod_southindia_prod-s01-004-apac-southindia;migrationStage=NotStarted}
{"logTime": "0606/143731", "correlationVector":"NMDy/xImDwuLFV0PPDesVX","action":"Commit Request", "result":"", "context":Item count: 40
Contributing types: Passwords}
{"logTime": "0606/143732", "correlationVector":"NMDy/xImDwuLFV0PPDesVX.1","action":"SyncServerConnectionManagerRequest", "result":"SYNC_SERVER_OK", "context":{"environment":"Prod_southindia_prod-s01-004-apac-southindia", "migrationStage":"NotStarted", "server":"akswtt01300004d"}}
{"logTime": "0606/143732", "correlationVector":"NMDy/xImDwuLFV0PPDesVX.2","action":"Commit Response", "result":"Success", "context":Result: Success. cV=NMDy/xImDwuLFV0PPDesVX.0;server=akswtt01300004d;cloudType=Consumer;environment=Prod_southindia_prod-s01-004-apac-southindia;migrationStage=NotStarted}
{"logTime": "0606/143732", "correlationVector":"2QNx62vLFGP4gAElK228YR","action":"Commit Request", "result":"", "context":Item count: 40
Contributing types: Passwords}
{"logTime": "0606/143734", "correlationVector":"2QNx62vLFGP4gAElK228YR.1","action":"SyncServerConnectionManagerRequest", "result":"SYNC_SERVER_OK", "context":{"environment":"Prod_southindia_prod-s01-004-apac-southindia", "migrationStage":"NotStarted", "server":"akswtt01300004j"}}
{"logTime": "0606/143734", "correlationVector":"2QNx62vLFGP4gAElK228YR.2","action":"Commit Response", "result":"Success", "context":Result: Success. cV=2QNx62vLFGP4gAElK228YR.0;server=akswtt01300004j;cloudType=Consumer;environment=Prod_southindia_prod-s01-004-apac-southindia;migrationStage=NotStarted}
{"logTime": "0606/143734", "correlationVector":"3w4hsGgQDVp6QwSZVQEBlD","action":"Commit Request", "result":"", "context":Item count: 38
Contributing types: Preferences, Passwords, Sessions}
{"logTime": "0606/143736", "correlationVector":"3w4hsGgQDVp6QwSZVQEBlD.1","action":"SyncServerConnectionManagerRequest", "result":"SYNC_SERVER_OK", "context":{"environment":"Prod_southindia_prod-s01-004-apac-southindia", "migrationStage":"NotStarted", "server":"akswtt01300004o"}}
{"logTime": "0606/143736", "correlationVector":"3w4hsGgQDVp6QwSZVQEBlD.2","action":"Commit Response", "result":"Success", "context":Result: Success. cV=3w4hsGgQDVp6QwSZVQEBlD.0;server=akswtt01300004o;cloudType=Consumer;environment=Prod_southindia_prod-s01-004-apac-southindia;migrationStage=NotStarted}
{"logTime": "0606/143740", "correlationVector":"ARs7bD6EaCedYvGLfygq70","action":"Commit Request", "result":"", "context":Item count: 1
Contributing types: Preferences}
{"logTime": "0606/143740", "correlationVector":"ARs7bD6EaCedYvGLfygq70.1","action":"SyncServerConnectionManagerRequest", "result":"SYNC_SERVER_OK", "context":{"environment":"Prod_southindia_prod-s01-004-apac-southindia", "migrationStage":"NotStarted", "server":"akswtt01300004j"}}
{"logTime": "0606/143740", "correlationVector":"ARs7bD6EaCedYvGLfygq70.2","action":"Commit Response", "result":"Success", "context":Result: Success. cV=ARs7bD6EaCedYvGLfygq70.0;server=akswtt01300004j;cloudType=Consumer;environment=Prod_southindia_prod-s01-004-apac-southindia;migrationStage=NotStarted}
{"logTime": "0606/143750", "correlationVector":"sWD0bbmogdtLNl0K2052Fr","action":"Commit Request", "result":"", "context":Item count: 1
Contributing types: User Consents}
{"logTime": "0606/143750", "correlationVector":"sWD0bbmogdtLNl0K2052Fr.1","action":"SyncServerConnectionManagerRequest", "result":"SYNC_SERVER_OK", "context":{"environment":"Prod_southindia_prod-s01-004-apac-southindia", "migrationStage":"NotStarted", "server":"akswtt013000037"}}
{"logTime": "0606/143750", "correlationVector":"sWD0bbmogdtLNl0K2052Fr.2","action":"Commit Response", "result":"Success", "context":Result: Success. cV=sWD0bbmogdtLNl0K2052Fr.0;server=akswtt013000037;cloudType=Consumer;environment=Prod_southindia_prod-s01-004-apac-southindia;migrationStage=NotStarted}
